<?xml version="1.0" encoding="utf-8"?>
<coverage line-rate="0.75" branch-rate="0.5" version="1.9" timestamp="1700000000"
          lines-covered="12" lines-valid="16" branches-covered="2" branches-valid="4">
  <sources>
    <source>/CoverageTest/</source>
  </sources>
  <packages>
    <package name="MyApp.Service" line-rate="0.75" branch-rate="0.5" complexity="6">
      <classes>
        <class name="MyApp.Service.Calculator" filename="src/MyApp.Service/Calculator.cs"
               line-rate="0.75" branch-rate="0.5" complexity="6">
          <methods>
            <!-- First overload: Get(int a) — producer emits name="Get" signature="(System.Int32)" -->
            <method name="Get" signature="(System.Int32)" line-rate="1" branch-rate="1" complexity="1">
              <lines>
                <line number="10" hits="5" branch="false"/>
                <line number="11" hits="5" branch="false"/>
                <line number="12" hits="5" branch="false"/>
              </lines>
            </method>
            <!-- Second overload: Get(int a, int b) — producer ALSO emits name="Get" signature="(System.Int32)"
                 because it does not fully encode the extra parameter. This causes the duplicate node key. -->
            <method name="Get" signature="(System.Int32)" line-rate="1" branch-rate="1" complexity="2">
              <lines>
                <line number="20" hits="3" branch="false"/>
                <line number="21" hits="3" branch="true" condition-coverage="100% (2/2)"/>
                <line number="22" hits="3" branch="false"/>
                <line number="23" hits="3" branch="false"/>
              </lines>
            </method>
            <!-- Third overload: Get(int a, int b, int c) — same issue -->
            <method name="Get" signature="(System.Int32)" line-rate="0" branch-rate="0" complexity="3">
              <lines>
                <line number="30" hits="0" branch="false"/>
                <line number="31" hits="0" branch="true" condition-coverage="0% (0/2)"/>
                <line number="32" hits="0" branch="false"/>
                <line number="33" hits="0" branch="false"/>
                <line number="34" hits="0" branch="false"/>
              </lines>
            </method>
          </methods>
          <lines>
            <line number="10" hits="5" branch="false"/>
            <line number="11" hits="5" branch="false"/>
            <line number="12" hits="5" branch="false"/>
            <line number="20" hits="3" branch="false"/>
            <line number="21" hits="3" branch="true" condition-coverage="100% (2/2)"/>
            <line number="22" hits="3" branch="false"/>
            <line number="23" hits="3" branch="false"/>
            <line number="30" hits="0" branch="false"/>
            <line number="31" hits="0" branch="true" condition-coverage="0% (0/2)"/>
            <line number="32" hits="0" branch="false"/>
            <line number="33" hits="0" branch="false"/>
            <line number="34" hits="0" branch="false"/>
          </lines>
        </class>
      </classes>
    </package>
  </packages>
</coverage>
